#
# There is insufficient memory for the Java Runtime Environment to continue.
# Native memory allocation (mmap) failed to map 123731968 bytes. Error detail: G1 virtual space
# Possible reasons:
#   The system is out of physical RAM or swap space
#   This process is running with CompressedOops enabled, and the Java Heap may be blocking the growth of the native heap
# Possible solutions:
#   Reduce memory load on the system
#   Increase physical memory or swap space
#   Check if swap backing store is full
#   Decrease Java heap size (-Xmx/-Xms)
#   Decrease number of Java threads
#   Decrease Java thread stack sizes (-Xss)
#   Set larger code cache with -XX:ReservedCodeCacheSize=
#   JVM is running with Unscaled Compressed Oops mode in which the Java heap is
#     placed in the first 4GB address space. The Java Heap base address is the
#     maximum limit for the native heap growth. Please use -XX:HeapBaseMinAddress
#     to set the Java Heap base and to place the Java Heap above 4GB virtual address.
# This output file may be truncated or incomplete.
#
#  Out of Memory Error (os_windows.cpp:3828), pid=11008, tid=756
#
# JRE version:  (21.0.5) (build )
# Java VM: OpenJDK 64-Bit Server VM (21.0.5+-13047016-b750.29, mixed mode, sharing, tiered, compressed oops, compressed class ptrs, g1 gc, windows-amd64)
# No core dump will be written. Minidumps are not enabled by default on client versions of Windows
#

---------------  S U M M A R Y ------------

Command Line: git4idea.http.GitAskPassApp Username for 'https://github.com': 

Host: AMD Ryzen 5 5500U with Radeon Graphics         , 12 cores, 7G,  Windows 11 , 64 bit Build 26100 (10.0.26100.3775)
Time: Mon Apr 14 21:09:59 2025 Hora oficial do Brasil elapsed time: 1.062732 seconds (0d 0h 0m 1s)

---------------  T H R E A D  ---------------

Current thread (0x0000025a9b0c2660):  JavaThread "Unknown thread" [_thread_in_vm, id=756, stack(0x000000b1b8600000,0x000000b1b8700000) (1024K)]

Stack: [0x000000b1b8600000,0x000000b1b8700000]
Native frames: (J=compiled Java code, j=interpreted, Vv=VM code, C=native code)
V  [jvm.dll+0x6cfb29]
V  [jvm.dll+0x85df93]
V  [jvm.dll+0x8604ee]
V  [jvm.dll+0x860bd3]
V  [jvm.dll+0x27e6b6]
V  [jvm.dll+0x6cc385]
V  [jvm.dll+0x6c078a]
V  [jvm.dll+0x35525b]
V  [jvm.dll+0x35ceb6]
V  [jvm.dll+0x3aedd6]
V  [jvm.dll+0x3af0a8]
V  [jvm.dll+0x32792c]
V  [jvm.dll+0x32861b]
V  [jvm.dll+0x8259d9]
V  [jvm.dll+0x3bbfa8]
V  [jvm.dll+0x80ec88]
V  [jvm.dll+0x45015e]
V  [jvm.dll+0x4518c1]
C  [jli.dll+0x52ab]
C  [ucrtbase.dll+0x37b0]
C  [KERNEL32.DLL+0x2e8d7]
C  [ntdll.dll+0xb14fc]


---------------  P R O C E S S  ---------------

Threads class SMR info:
_java_thread_list=0x00007ffb30550808, length=0, elements={
}

Java Threads: ( => current thread )
Total: 0

Other Threads:
  0x0000025a9d4f8850 WorkerThread "GC Thread#0"                     [id=12720, stack(0x000000b1b8700000,0x000000b1b8800000) (1024K)]
  0x0000025a9d50a200 ConcurrentGCThread "G1 Main Marker"            [id=11020, stack(0x000000b1b8800000,0x000000b1b8900000) (1024K)]
  0x0000025a9d50ad00 WorkerThread "G1 Conc#0"                       [id=12676, stack(0x000000b1b8900000,0x000000b1b8a00000) (1024K)]

[error occurred during error reporting (printing all threads), id 0xc0000005, EXCEPTION_ACCESS_VIOLATION (0xc0000005) at pc=0x00007ffb2fd4a967]
VM state: not at safepoint (not fully initialized)

VM Mutex/Monitor currently owned by a thread:  ([mutex/lock_event])
[0x00007ffb305bd460] Heap_lock - owner thread: 0x0000025a9b0c2660

Heap address: 0x000000008a400000, size: 1884 MB, Compressed Oops mode: 32-bit

CDS archive(s) mapped at: [0x0000000000000000-0x0000000000000000-0x0000000000000000), size 0, SharedBaseAddress: 0x0000000800000000, ArchiveRelocationMode: 1.
Narrow klass base: 0x0000000000000000, Narrow klass shift: 0, Narrow klass range: 0x0

GC Precious Log:
 CardTable entry size: 512
 Card Set container configuration: InlinePtr #cards 5 size 8 Array Of Cards #cards 12 size 40 Howl #buckets 4 coarsen threshold 1843 Howl Bitmap #cards 512 size 80 coarsen threshold 460 Card regions per heap region 1 cards per card region 2048

Heap:
 garbage-first heap   total 0K, used 0K [0x000000008a400000, 0x0000000100000000)
  region size 1024K, 0 young (0K), 0 survivors (0K)
 Metaspace       used 0K, committed 0K, reserved 0K
  class space    used 0K, committed 0K, reserved 0K

Heap Regions: E=young(eden), S=young(survivor), O=old, HS=humongous(starts), HC=humongous(continues), CS=collection set, F=free, TAMS=top-at-mark-start, PB=parsable bottom

Card table byte_map: [0x0000025aaff00000,0x0000025ab02b0000] _byte_map_base: 0x0000025aafaae000

Marking Bits: (CMBitMap*) 0x0000025a9d4f9f60
 Bits: [0x0000025ab02b0000, 0x0000025ab2020000)

GC Heap History (0 events):
No events

Dll operation events (1 events):
Event: 0.017 Loaded shared library C:\Program Files\Android\Android Studio\jbr\bin\java.dll

Deoptimization events (0 events):
No events

Classes loaded (0 events):
No events

Classes unloaded (0 events):
No events

Classes redefined (0 events):
No events

Internal exceptions (0 events):
No events

ZGC Phase Switch (0 events):
No events

VM Operations (0 events):
No events

Memory protections (0 events):
No events

Nmethod flushes (0 events):
No events

Events (0 events):
No events


Dynamic libraries:
0x00007ff73f140000 - 0x00007ff73f14a000 	C:\Program Files\Android\Android Studio\jbr\bin\java.exe
0x00007ffb7e120000 - 0x00007ffb7e380000 	C:\WINDOWS\SYSTEM32\ntdll.dll
0x00007ffb7c370000 - 0x00007ffb7c437000 	C:\WINDOWS\System32\KERNEL32.DLL
0x00007ffb7bb50000 - 0x00007ffb7bf1a000 	C:\WINDOWS\System32\KERNELBASE.dll
0x00007ffb7b950000 - 0x00007ffb7ba9b000 	C:\WINDOWS\System32\ucrtbase.dll
0x00007ffb4a830000 - 0x00007ffb4a84b000 	C:\Program Files\Android\Android Studio\jbr\bin\VCRUNTIME140.dll
0x00007ffb62cf0000 - 0x00007ffb62d08000 	C:\Program Files\Android\Android Studio\jbr\bin\jli.dll
0x00007ffb7dde0000 - 0x00007ffb7dfac000 	C:\WINDOWS\System32\USER32.dll
0x00007ffb65750000 - 0x00007ffb659e7000 	C:\WINDOWS\WinSxS\amd64_microsoft.windows.common-controls_6595b64144ccf1df_6.0.26100.3624_none_3e086962e3345f24\COMCTL32.dll
0x00007ffb7b480000 - 0x00007ffb7b4a7000 	C:\WINDOWS\System32\win32u.dll
0x00007ffb7bfa0000 - 0x00007ffb7c049000 	C:\WINDOWS\System32\msvcrt.dll
0x00007ffb7c100000 - 0x00007ffb7c12a000 	C:\WINDOWS\System32\GDI32.dll
0x00007ffb7b750000 - 0x00007ffb7b881000 	C:\WINDOWS\System32\gdi32full.dll
0x00007ffb7baa0000 - 0x00007ffb7bb43000 	C:\WINDOWS\System32\msvcp_win.dll
0x00007ffb7cd00000 - 0x00007ffb7cd2f000 	C:\WINDOWS\System32\IMM32.DLL
0x00007ffb705c0000 - 0x00007ffb705cc000 	C:\Program Files\Android\Android Studio\jbr\bin\vcruntime140_1.dll
0x00007ffb3adc0000 - 0x00007ffb3ae4d000 	C:\Program Files\Android\Android Studio\jbr\bin\msvcp140.dll
0x00007ffb2fa10000 - 0x00007ffb3069a000 	C:\Program Files\Android\Android Studio\jbr\bin\server\jvm.dll
0x00007ffb7cc40000 - 0x00007ffb7ccf2000 	C:\WINDOWS\System32\ADVAPI32.dll
0x00007ffb7c050000 - 0x00007ffb7c0f6000 	C:\WINDOWS\System32\sechost.dll
0x00007ffb7c1c0000 - 0x00007ffb7c2d6000 	C:\WINDOWS\System32\RPCRT4.dll
0x00007ffb7c140000 - 0x00007ffb7c1b4000 	C:\WINDOWS\System32\WS2_32.dll
0x00007ffb7b150000 - 0x00007ffb7b1ae000 	C:\WINDOWS\SYSTEM32\POWRPROF.dll
0x00007ffb747a0000 - 0x00007ffb747ab000 	C:\WINDOWS\SYSTEM32\VERSION.dll
0x00007ffb78ac0000 - 0x00007ffb78af6000 	C:\WINDOWS\SYSTEM32\WINMM.dll
0x00007ffb7b130000 - 0x00007ffb7b144000 	C:\WINDOWS\SYSTEM32\UMPDC.dll
0x00007ffb7a110000 - 0x00007ffb7a12a000 	C:\WINDOWS\SYSTEM32\kernel.appcore.dll
0x00007ffb6fdd0000 - 0x00007ffb6fdda000 	C:\Program Files\Android\Android Studio\jbr\bin\jimage.dll
0x00007ffb787d0000 - 0x00007ffb78a11000 	C:\WINDOWS\SYSTEM32\DBGHELP.DLL
0x00007ffb7cd40000 - 0x00007ffb7d0c2000 	C:\WINDOWS\System32\combase.dll
0x00007ffb7dfb0000 - 0x00007ffb7e086000 	C:\WINDOWS\System32\OLEAUT32.dll
0x00007ffb78a60000 - 0x00007ffb78a99000 	C:\WINDOWS\SYSTEM32\dbgcore.DLL
0x00007ffb7b4b0000 - 0x00007ffb7b549000 	C:\WINDOWS\System32\bcryptPrimitives.dll
0x00007ffb4a810000 - 0x00007ffb4a830000 	C:\Program Files\Android\Android Studio\jbr\bin\java.dll

dbghelp: loaded successfully - version: 4.0.5 - missing functions: none
symbol engine: initialized successfully - sym options: 0x614 - pdb path: .;C:\Program Files\Android\Android Studio\jbr\bin;C:\WINDOWS\SYSTEM32;C:\WINDOWS\WinSxS\amd64_microsoft.windows.common-controls_6595b64144ccf1df_6.0.26100.3624_none_3e086962e3345f24;C:\Program Files\Android\Android Studio\jbr\bin\server

VM Arguments:
java_command: git4idea.http.GitAskPassApp Username for 'https://github.com': 
java_class_path (initial): C:/Program Files/Android/Android Studio/plugins/vcs-git/lib/git4idea-rt.jar;C:/Program Files/Android/Android Studio/lib/externalProcess-rt.jar
Launcher Type: SUN_STANDARD

[Global flags]
     intx CICompilerCount                          = 4                                         {product} {ergonomic}
     uint ConcGCThreads                            = 3                                         {product} {ergonomic}
     uint G1ConcRefinementThreads                  = 10                                        {product} {ergonomic}
   size_t G1HeapRegionSize                         = 1048576                                   {product} {ergonomic}
    uintx GCDrainStackTargetSize                   = 64                                        {product} {ergonomic}
   size_t InitialHeapSize                          = 123731968                                 {product} {ergonomic}
   size_t MarkStackSize                            = 4194304                                   {product} {ergonomic}
   size_t MaxHeapSize                              = 1975517184                                {product} {ergonomic}
   size_t MinHeapDeltaBytes                        = 1048576                                   {product} {ergonomic}
   size_t MinHeapSize                              = 8388608                                   {product} {ergonomic}
    uintx NonNMethodCodeHeapSize                   = 5839372                                {pd product} {ergonomic}
    uintx NonProfiledCodeHeapSize                  = 122909434                              {pd product} {ergonomic}
    uintx ProfiledCodeHeapSize                     = 122909434                              {pd product} {ergonomic}
    uintx ReservedCodeCacheSize                    = 251658240                              {pd product} {ergonomic}
     bool SegmentedCodeCache                       = true                                      {product} {ergonomic}
   size_t SoftMaxHeapSize                          = 1975517184                             {manageable} {ergonomic}
     bool UseCompressedOops                        = true                           {product lp64_product} {ergonomic}
     bool UseG1GC                                  = true                                      {product} {ergonomic}
     bool UseLargePagesIndividualAllocation        = false                                  {pd product} {ergonomic}

Logging:
Log output configuration:
 #0: stdout all=warning uptime,level,tags foldmultilines=false
 #1: stderr all=off uptime,level,tags foldmultilines=false

Environment Variables:
JAVA_HOME=C:\Program Files\Java\jdk-21
PATH=C:\Program Files\Git\mingw64\libexec\git-core;C:\Program Files\Git\mingw64\libexec\git-core;C:\Program Files\Git\mingw64\bin;C:\Program Files\Git\usr\bin;C:\Users\tarci\bin;C:\Program Files\Common Files\Oracle\Java\javapath;C:\Python312\Scripts;C:\Python312;C:\Program Files (x86)\Common Files\Oracle\Java\java8path;C:\Program Files (x86)\Common Files\Oracle\Java\javapath;C:\WINDOWS\system32;C:\WINDOWS;C:\WINDOWS\System32\Wbem;C:\WINDOWS\System32\WindowsPowerShell\v1.0;C:\WINDOWS\System32\OpenSSH;C:\Program Files\dotnet;C:\Program Files\nodejs;C:\ProgramData\chocolatey\bin;C:\Program Files\Git\cmd;C:\Program Files\Docker\Docker\resources\bin;C:\Maven\apache-maven-3.9.9\bin;C:\Users\tarci\Downloads\platform-tools-latest-windows\platform-tools;C:\Program Files\MySQL\MySQL Shell 8.0\bin;C:\Users\tarci\AppData\Local\Programs\Eclipse Adoptium\jdk-17.0.10.7-hotspot\bin;C:\Users\tarci\AppData\Local\Microsoft\WindowsApps;C:\Users\tarci\AppData\Local\Programs\Microsoft VS Code\bin;C:\Users\tarci\AppData\Roaming\npm;C:\Users\tarci\AppData\Local\GitHubDesktop\bin;C:\Maven\apache-maven-3.9.9\bin
USERNAME=tarci
DISPLAY=:0.0
LC_ALL=en_US.UTF-8
TERM=xterm-256color
TMPDIR=C:\Users\tarci\AppData\Local\Temp
OS=Windows_NT
PROCESSOR_IDENTIFIER=AMD64 Family 23 Model 104 Stepping 1, AuthenticAMD
TMP=C:\Users\tarci\AppData\Local\Temp
TEMP=C:\Users\tarci\AppData\Local\Temp




Periodic native trim disabled

JNI global refs:
JNI global refs: 0, weak refs: 0

JNI global refs memory usage: 0, weak refs: 0

Process memory usage:
Resident Set Size: 12728K (0% of 7708936K total physical memory with 431268K free physical memory)

OOME stack traces (most recent first):
Classloader memory used:

---------------  S Y S T E M  ---------------

OS:
 Windows 11 , 64 bit Build 26100 (10.0.26100.3775)
OS uptime: 5 days 2:30 hours
Hyper-V role detected

CPU: total 12 (initial active 12) (12 cores per cpu, 2 threads per core) family 23 model 104 stepping 1 microcode 0x8608109, cx8, cmov, fxsr, ht, mmx, 3dnowpref, sse, sse2, sse3, ssse3, sse4a, sse4.1, sse4.2, popcnt, lzcnt, tsc, tscinvbit, avx, avx2, aes, clmul, bmi1, bmi2, adx, sha, fma, vzeroupper, clflush, clflushopt, hv, rdtscp, rdpid, f16c
Processor Information for all 12 processors :
  Max Mhz: 2100, Current Mhz: 1988, Mhz Limit: 2100

Memory: 4k page, system-wide physical 7528M (421M free)
TotalPageFile size 31080M (AvailPageFile size 106M)
current process WorkingSet (physical memory assigned to process): 12M, peak: 12M
current process commit charge ("private bytes"): 64M, peak: 182M

vm_info: OpenJDK 64-Bit Server VM (21.0.5+-13047016-b750.29) for windows-amd64 JRE (21.0.5+-13047016-b750.29), built on 2025-02-11T21:12:39Z by "builder" with MS VC++ 16.10 / 16.11 (VS2019)

END.
